<?xml version="1.0" encoding="UTF-8"?>
<!-- Generated by org.testng.reporters.JUnitXMLReporter -->
<testsuite ignored="0" hostname="DESKTOP-6LB8055" failures="0" tests="3" name="Default test" time="72.019" errors="0" timestamp="2023-01-08T12:32:34 IST">
  <testcase classname="com.testrunner.TestRunner" name="PlaceOrderByUser" time="26.068"/>
  <testcase classname="com.testrunner.TestRunner" name="SignUpNewSupplierMethod" time="19.958"/>
  <testcase classname="com.testrunner.TestRunner" name="SignUpNewUsermethod" time="25.757"/>
</testsuite> <!-- Default test -->
